
--- BATCH START: INDEX 0 ---
2'-FUCOSYLLACTOSE :: APPROVE :: Specific oligosaccharide.
ACAI-BERRY-FLAVOURING :: APPROVE :: Specific flavouring.
ACESULFAME-POTASSIUM-INS-950 :: APPROVE :: Specific artificial sweetener.
ACETIC-ACID-INS-260 :: APPROVE :: Specific acid.
ACIDITY-REGULATOR :: REJECT :: Umbrella term.
ACTIVE-CULTURE :: APPROVE :: Specific biological component.
AGAR-INS-406 :: APPROVE :: Specific gelling agent.
ALCOHOL :: APPROVE :: Specific chemical compound.
ALLURA-RED-INS-129 :: APPROVE :: Specific food coloring.
ALMOND-FLAVOURING :: APPROVE :: Specific flavouring.
ALPHA-AMYLASE :: APPROVE :: Specific enzyme.
AMINO-ACIDS :: APPROVE :: Specific class of organic compounds.
AMMONIA :: APPROVE :: Specific chemical compound.
AMMONIUM-PHOSPHATIDES-INS-442 :: APPROVE :: Specific emulsifier.
ANNATTO-INS-160B :: APPROVE :: Specific food coloring.
ANTHOCYANINS-INS-163 :: APPROVE :: Specific food coloring.
ANTI-FOAMING-AGENT-INS-900A :: APPROVE :: Specific food additive.
ANTICAKING-AGENT :: REJECT :: Umbrella term.
ANTIOXIDANT :: REJECT :: Umbrella term.
APPLE-FLAVOURING :: APPROVE :: Specific flavouring.
ARACHIDONIC-ACID :: APPROVE :: Specific fatty acid.
ARGININE :: APPROVE :: Specific amino acid.
ARROWROOT-POWDER :: MERGE :: MERGE INTO "arrowroot"
ARTIFICIAL-FLAVOURING :: APPROVE :: Specific flavouring type.
ASAFOETIDA-FLAVOURING :: APPROVE :: Specific flavouring.
BCAA :: APPROVE :: Specific supplement.
BHT-INS-321 :: APPROVE :: Specific antioxidant.
BAKING-POWDER :: APPROVE :: Specific leavening agent.
BEETROOT-RED-INS-162 :: APPROVE :: Specific food coloring.
BERRY-FLAVOURING :: APPROVE :: Specific flavouring.
BETA-CAROTENE-INS-160A :: APPROVE :: Specific food coloring.
BIFIDOBACTERIUM :: APPROVE :: Specific probiotic.
BIOTIN :: APPROVE :: Specific vitamin.
BLACK-PEPPER-FLAVOURING :: APPROVE :: Specific flavouring.
BLUEBERRY-FLAVOURING :: APPROVE :: Specific flavouring.
BRAN :: APPROVE :: Specific part of a grain.
BREAD-IMPROVERS :: REJECT :: Umbrella term.
BRILLIANT-BLUE-INS-133 :: APPROVE :: Specific food coloring.
BRINE :: APPROVE :: Specific solution.
BROMELAIN :: APPROVE :: Specific enzyme.
BROWN-RICE-PROTEIN-ISOLATE :: APPROVE :: Specific protein source.
BUBBLEGUM-FLAVOURING :: APPROVE :: Specific flavouring.
BUTTERSCOTCH-FLAVOURING :: APPROVE :: Specific flavouring.
CALCIUM-SALT :: APPROVE :: Specific salt.
CAPSULE-SHELL :: REJECT :: Not an ingredient.
CARAMEL-COLOR-INS-150 :: APPROVE :: Specific food coloring.
CARBONATES-ADDITIVES :: APPROVE :: Specific additive.
CARDAMOM-FLAVOURING :: APPROVE :: Specific flavouring.
CARMOISINE-INS-122 :: APPROVE :: Specific food coloring.
CARROT-FLAVOURING :: APPROVE :: Specific flavouring.

--- BATCH END ---

--- BATCH START: INDEX 50 ---
catechins :: APPROVE :: Specific antioxidant compound found in various plants.
catechu :: APPROVE :: Specific plant extract.
cellulose-gum-ins-466 :: APPROVE :: Specific food additive.
cereal-extract :: APPROVE :: Extract derived from cereals.
chloride :: APPROVE :: Specific chemical compound.
chlorophyll-ins-141 :: APPROVE :: Specific food coloring.
chocolate-flavouring :: APPROVE :: Specific flavouring.
cholecalciferol :: APPROVE :: Specific form of Vitamin D.
choline-bitartrate :: APPROVE :: Specific form of choline.
choline-chloride :: APPROVE :: Specific form of choline.
chromium :: APPROVE :: Specific mineral.
citric-acid-ins-330 :: APPROVE :: Specific acid.
citrus-fiber :: APPROVE :: Specific type of fiber.
cloudifier :: APPROVE :: Specific food additive.
coffee-flavouring :: APPROVE :: Specific flavouring.
color-generic :: REJECT :: Umbrella term.
cooling-flavouring :: APPROVE :: Specific flavouring.
copper :: APPROVE :: Specific mineral.
corn-starch :: APPROVE :: Specific starch.
cotton-candy-flavouring :: APPROVE :: Specific flavouring.
cranberry-flavouring :: APPROVE :: Specific flavouring.
cream-flavouring :: APPROVE :: Specific flavouring.
creatine :: APPROVE :: Specific amino acid derivative.
croscarmellose-sodium-ins-468 :: APPROVE :: Specific food additive.
cultured-glucose :: APPROVE :: Specific ingredient.
curcumin-ins-100 :: APPROVE :: Specific food coloring.
custard-flavouring :: APPROVE :: Specific flavouring.
cyanocobalamin :: APPROVE :: Specific form of Vitamin B12.
cysteine :: APPROVE :: Specific amino acid.
datem-ins-472e :: APPROVE :: Specific emulsifier.
dha :: APPROVE :: Specific fatty acid.
date-fiber :: APPROVE :: Specific type of fiber.
dextrin :: APPROVE :: Specific carbohydrate.
digezyme :: APPROVE :: Specific enzyme blend.
diluent-ins-1520 :: APPROVE :: Specific food additive.
disodium-5'-ribonucleotides-ins-635 :: APPROVE :: Specific flavour enhancer.
disodium-guanylate-ins-627 :: APPROVE :: Specific flavour enhancer.
disodium-inosinate-ins-631 :: APPROVE :: Specific flavour enhancer.
edible-gum :: APPROVE :: Specific type of gum.
eggless-base :: APPROVE :: Specific base for food products.
electrolytes :: APPROVE :: Specific minerals.
emulsifier :: APPROVE :: Specific food additive.
emulsifying-salt :: APPROVE :: Specific salt.
enzymes :: APPROVE :: Specific biological catalysts.
ergocalciferol :: APPROVE :: Specific form of Vitamin D.
erythrosine-ins-127 :: APPROVE :: Specific food coloring.
essential-oils :: APPROVE :: Specific oils.
eucalyptol :: APPROVE :: Specific compound.
excipients :: APPROVE :: Specific inactive substance.
fos :: APPROVE :: Specific type of prebiotic fiber.

--- BATCH END ---

--- BATCH START: INDEX 100 ---
fava-bean-protein :: APPROVE :: Standalone ingredient derived from fava beans.
ferric-ammonium-citrate :: APPROVE :: Specific iron compound.
ferric-pyrophosphate :: APPROVE :: Specific iron compound.
ferrous-fumarate :: APPROVE :: Specific iron compound.
ferrous-gluconate :: APPROVE :: Specific iron compound.
ferrous-salt :: APPROVE :: Specific iron compound.
ferrous-sulphate :: APPROVE :: Specific iron compound.
fiber :: APPROVE :: Dietary fiber is a standalone ingredient.
fillers :: REJECT :: Umbrella term.
flavour-enhancer :: REJECT :: Umbrella term.
flavouring :: REJECT :: Umbrella term.
flour-treatment-agent :: REJECT :: Umbrella term.
foam-stabilizer :: REJECT :: Umbrella term.
folic-acid :: APPROVE :: Specific vitamin.
fruit-flavouring :: REJECT :: Umbrella term.
fumaric-acid :: APPROVE :: Specific acid.
gajar-flavouring :: FLAG :: "Gajar" means carrot in Hindi. Could merge into "carrot-flavouring" if that's the intent, but flagging to confirm.
gaozaban-flavouring :: FLAG :: Could not find a canonical name to merge into.
garcinia-cambogia :: APPROVE :: Specific plant extract.
garlic-flavouring :: APPROVE :: Specific flavouring.
gelatin-ins-428 :: APPROVE :: Specific food additive.
gellan-gum-ins-418 :: APPROVE :: Specific food additive.
ginger-flavouring :: APPROVE :: Specific flavouring.
ginseng :: APPROVE :: Specific plant extract.
glazing-agent :: REJECT :: Umbrella term.
glucuronolactone :: APPROVE :: Specific chemical compound.
glutamine :: APPROVE :: Specific amino acid.
glycerol-ins-422 :: APPROVE :: Specific food additive.
glycerol-ester-of-rosin-ins-445 :: APPROVE :: Specific food additive.
green-tea-flavouring :: APPROVE :: Specific flavouring.
guar-gum-ins-412 :: APPROVE :: Specific food additive.
guava-flavouring :: APPROVE :: Specific flavouring.
gum-base :: APPROVE :: Specific ingredient used in chewing gum.
hmb :: APPROVE :: Specific compound (beta-Hydroxy beta-methylbutyric acid).
hmcs :: FLAG :: Could not find a canonical name to merge into.
hazelnut-flavouring :: APPROVE :: Specific flavouring.
hemicellulase :: APPROVE :: Specific enzyme.
honey-flavouring :: APPROVE :: Specific flavouring.
humectant :: REJECT :: Umbrella term.
hyaluronic-acid :: APPROVE :: Specific acid.
hydrolyzed-vegetable-protein :: APPROVE :: Specific ingredient.
indigo-carmine-ins-132 :: APPROVE :: Specific food coloring.
inositol :: APPROVE :: Specific compound.
iodate :: APPROVE :: Specific chemical compound.
iron :: APPROVE :: Specific mineral.
jamun-flavouring :: APPROVE :: Specific flavouring.
kewra-flavouring :: FLAG :: Could not find a canonical name to merge into.
khar :: FLAG :: Could not find a canonical name to merge into.
kombucha :: APPROVE :: Fermented tea beverage.
l-carnitine :: APPROVE :: Specific amino acid derivative.

--- BATCH END ---

--- BATCH START: INDEX 150 ---
l-hpc :: FLAG :: Could not find a base canon and unsure if this is a sub-state.
l-n-neotetraose :: FLAG :: Could not find a base canon and unsure if this is a sub-state.
l-theanine :: APPROVE :: Specific amino acid.
lactase :: APPROVE :: Specific enzyme.
lactic-acid-ins-270 :: APPROVE :: Specific acid.
lactobacillus :: APPROVE :: Specific probiotic.
lactose :: APPROVE :: Specific sugar.
lecithin-ins-322 :: APPROVE :: Specific emulsifier.
lemon-flavouring :: APPROVE :: Specific flavouring.
lime-flavouring :: APPROVE :: Specific flavouring.
litchi-flavouring :: APPROVE :: Specific flavouring.
lutein :: APPROVE :: Specific carotenoid.
lycopene :: APPROVE :: Specific carotenoid.
lysine :: APPROVE :: Specific amino acid.
magnesium :: APPROVE :: Specific mineral.
magnesium-salts :: APPROVE :: Specific mineral salt.
malic-acid-ins-296 :: APPROVE :: Specific acid.
maltodextrin :: APPROVE :: Specific polysaccharide.
manganese :: APPROVE :: Specific mineral.
manganese-sulphate :: APPROVE :: Specific mineral salt.
mango-flavouring :: APPROVE :: Specific flavouring.
mayonnaise :: APPROVE :: Specific condiment.
menthol :: APPROVE :: Specific alcohol compound.
methionine :: APPROVE :: Specific amino acid.
methocel :: FLAG :: Could not find a base canon and unsure if this is a sub-state.
microcrystalline-cellulose-ins-460 :: APPROVE :: Specific cellulose.
milk-flavouring :: APPROVE :: Specific flavouring.
mineral-salts :: APPROVE :: Specific mineral salt.
minerals :: APPROVE :: Specific mineral.
modified-starch :: APPROVE :: Specific starch.
molybdenum :: APPROVE :: Specific mineral.
mono-and-diglycerides-of-fatty-acids-ins-471 :: APPROVE :: Specific emulsifier.
multivitamins :: REJECT :: Umbrella term.
munakka-flavouring :: APPROVE :: Specific flavouring.
navsadar :: FLAG :: Ambiguous term, needs clarification in Indian context.
niacin-vitamin-b3 :: APPROVE :: Specific vitamin.
nitrogen :: APPROVE :: Specific element.
nucleotides :: APPROVE :: Specific organic molecules.
onion-flavouring :: APPROVE :: Specific flavouring.
orange-flavouring :: APPROVE :: Specific flavouring.
oxide :: APPROVE :: Specific chemical compound.
pgpr-ins-476 :: APPROVE :: Specific emulsifier.
pvp-ins-1202 :: APPROVE :: Specific binding agent.
pantothenic-acid-vitamin-b5 :: APPROVE :: Specific vitamin.
papain :: APPROVE :: Specific enzyme.
paprika-extract-ins-160c :: APPROVE :: Specific extract.
pectin-ins-440 :: APPROVE :: Specific polysaccharide.
phenylalanine :: APPROVE :: Specific amino acid.
phosphates-additives :: APPROVE :: Specific additive.
phosphoric-acid :: APPROVE :: Specific acid.

--- BATCH END ---

--- BATCH START: INDEX 200 ---
phosphorus :: APPROVE :: Phosphorus is a mineral and can be added as a standalone ingredient.
phytomenadione :: APPROVE :: Phytomenadione (Vitamin K1) is a specific vitamin and can be added as a standalone ingredient.
pineapple-flavouring :: APPROVE :: Specific flavouring.
pistachio-flavouring :: APPROVE :: Specific flavouring.
pizza-flavouring :: APPROVE :: Specific flavouring.
polyglycerol-esters-of-fatty-acids-ins-475 :: APPROVE :: Specific emulsifier.
polysorbate-60-ins-435 :: APPROVE :: Specific emulsifier.
polysorbate-80-ins-433 :: APPROVE :: Specific emulsifier.
polyvinylpyrrolidone-ins-1201 :: APPROVE :: Specific food additive.
pomegranate-flavouring :: APPROVE :: Specific flavouring.
ponceau-4r-ins-124 :: APPROVE :: Specific food coloring.
potassium :: APPROVE :: Potassium is a mineral and can be added as a standalone ingredient.
potassium-benzoate-ins-212 :: APPROVE :: Specific preservative.
potassium-chloride-ins-508 :: APPROVE :: Specific salt substitute.
potassium-iodate :: APPROVE :: Specific source of iodine.
potassium-iodide :: APPROVE :: Specific source of iodine.
potassium-metabisulphite-ins-224 :: APPROVE :: Specific preservative.
potassium-phosphate :: APPROVE :: Specific food additive.
potassium-sorbate-ins-202 :: APPROVE :: Specific preservative.
probiotics :: APPROVE :: Probiotics are live microorganisms and can be added as a standalone ingredient.
propylene-glycol-esters-of-fatty-acids-ins-477 :: APPROVE :: Specific emulsifier.
psyllium :: APPROVE :: Psyllium is a source of fiber and can be added as a standalone ingredient.
pullulan-ins-1204 :: APPROVE :: Specific glazing agent/film former.
pyridoxine-hydrochloride-vitamin-b6 :: APPROVE :: Specific vitamin.
quillaja-extract-ins-999 :: APPROVE :: Specific foaming agent.
resveratrol :: APPROVE :: Specific antioxidant.
riboflavin-ins-101 :: APPROVE :: Specific vitamin.
rose-flavouring :: APPROVE :: Specific flavouring.
rosemary-flavouring :: APPROVE :: Specific flavouring.
saffron-flavouring :: APPROVE :: Specific flavouring.
sandalwood :: APPROVE :: Specific flavouring.
satva :: FLAG :: Ambiguous term, needs clarification in the Indian context. Could refer to essence or extract.
sequestrant-ins-385 :: APPROVE :: Specific food additive.
silicon-dioxide-ins-551 :: APPROVE :: Specific anti-caking agent.
silver-leaf :: APPROVE :: Edible decoration.
sodium-acetate-ins-350 :: APPROVE :: Specific food additive.
sodium-alginate-ins-401 :: APPROVE :: Specific thickening agent.
sodium-aluminium-sulphate-ins-521 :: APPROVE :: Specific food additive.
sodium-benzoate-ins-211 :: APPROVE :: Specific preservative.
sodium-bicarbonate-baking-soda :: APPROVE :: Specific leavening agent.
sodium-citrates-ins-331 :: APPROVE :: Specific acidity regulator.
sodium-lactate-ins-325 :: APPROVE :: Specific food additive.
sodium-molybdate :: APPROVE :: Specific source of molybdenum.
sodium-selenite :: APPROVE :: Specific source of selenium.
sodium-starch-glycolate :: APPROVE :: Specific food additive.
sodium-stearoyl-lactylate-ins-481 :: APPROVE :: Specific emulsifier.
sorbic-acid-ins-200 :: APPROVE :: Specific preservative.
sorbitan-tristearate-ins-492 :: APPROVE :: Specific emulsifier.
sorbitol-ins-420 :: APPROVE :: Specific sweetener.
sourdough :: APPROVE :: Specific type of bread starter.

--- BATCH END ---

--- BATCH START: INDEX 250 ---
```text
soy-hydrolysate :: APPROVE :: Soy hydrolysate is a specific product derived from soy.
spirulina :: APPROVE :: Spirulina is a specific type of cyanobacteria used as a food supplement.
stabilizer :: REJECT :: "Stabilizer" is an umbrella term.
stearic-acid :: APPROVE :: Stearic acid is a specific fatty acid.
strawberry-flavouring :: APPROVE :: Strawberry flavouring is a specific flavouring.
sucrose-acetate-isobutyrate-ins-444 :: APPROVE :: Sucrose acetate isobutyrate is a specific food additive.
sulphites :: APPROVE :: Sulphites are a specific class of sulfur-containing compounds used as preservatives.
sunflower-creamer :: APPROVE :: Sunflower creamer is a specific product.
sunset-yellow-ins-110 :: APPROVE :: Sunset Yellow is a specific food coloring.
tangy-tomato :: APPROVE :: Tangy tomato is a specific flavouring.
tara-gum-ins-417 :: APPROVE :: Tara gum is a specific food additive.
tartaric-acid-ins-334 :: APPROVE :: Tartaric acid is a specific acid.
tartrazine-ins-102 :: APPROVE :: Tartrazine is a specific food coloring.
taurine :: APPROVE :: Taurine is a specific amino acid.
tenderizer :: REJECT :: "Tenderizer" is an umbrella term.
tertiary-butylhydroquinone-tbhq---ins-319 :: APPROVE :: Tertiary butylhydroquinone is a specific antioxidant.
thandai-flavouring :: APPROVE :: Thandai flavouring is a specific flavouring.
thiamine-vitamin-b1 :: APPROVE :: Thiamine is a specific vitamin.
thickener :: REJECT :: "Thickener" is an umbrella term.
threonine :: APPROVE :: Threonine is a specific amino acid.
titanium-dioxide-ins-171 :: APPROVE :: Titanium dioxide is a specific food coloring.
vanilla-flavouring :: APPROVE :: Vanilla flavouring is a specific flavouring.
vitamin-a :: APPROVE :: Vitamin A is a specific vitamin.
vitamin-b-complex :: APPROVE :: Vitamin B complex is a specific group of vitamins.
vitamin-b12 :: APPROVE :: Vitamin B12 is a specific vitamin.
vitamin-d :: APPROVE :: Vitamin D is a specific vitamin.
vitamin-k :: APPROVE :: Vitamin K is a specific vitamin.
vitamins :: REJECT :: "Vitamins" is an umbrella term.
water :: APPROVE :: Water is a fundamental ingredient.
wheat-gluten :: APPROVE :: Wheat gluten is a specific protein derived from wheat.
xanthan-gum-ins-415 :: APPROVE :: Xanthan gum is a specific food additive.
xylanase :: APPROVE :: Xylanase is a specific enzyme.
yeast :: APPROVE :: Yeast is a specific microorganism used in food production.
yeast-extract :: APPROVE :: Yeast extract is a specific product derived from yeast.
zinc :: APPROVE :: Zinc is a specific mineral.
a2-protein :: APPROVE :: A2 protein is a specific type of milk protein.
butter :: APPROVE :: Butter is a specific dairy product.
buttermilk :: APPROVE :: Buttermilk is a specific dairy product.
caseinate :: APPROVE :: Caseinate is a specific milk protein derivative.
chakka :: APPROVE :: Chakka is a specific dairy product.
cheese :: APPROVE :: Cheese is a specific dairy product.
cheese-powder :: MERGE :: Cheese powder is a dehydrated form of cheese.
chhena :: APPROVE :: Chhena is a specific dairy product.
condensed-milk :: APPROVE :: Condensed milk is a specific dairy product.
cow-milk :: APPROVE :: Cow milk is a specific type of milk.
cream :: APPROVE :: Cream is a specific dairy product.
curd :: APPROVE :: Curd is a specific dairy product.
dairy-whitener :: APPROVE :: Dairy whitener is a specific product.
ice-cream :: APPROVE :: Ice cream is a specific dairy product.
khoa :: APPROVE :: Khoa is a specific dairy product.
```
--- BATCH END ---

--- BATCH START: INDEX 300 ---
milk :: APPROVE :: Base ingredient.
milk-components :: REJECT :: Umbrella term.
milk-powder :: MERGE :: Physical state collapse - dehydrated form of milk.
milk-products :: REJECT :: Umbrella term.
milk-protein :: REJECT :: Umbrella term.
milk-solids :: REJECT :: Umbrella term.
toned-milk :: APPROVE :: Specific type of milk with adjusted fat content.
whey-powder :: MERGE :: Physical state collapse - dehydrated form of whey.
whey-protein :: REJECT :: Umbrella term.
yogurt :: APPROVE :: Base ingredient.
aavarampoo :: FLAG :: Ambiguous in a general food context; needs Indian-specific knowledge.
agnimantha :: FLAG :: Ambiguous in a general food context; needs Indian-specific knowledge.
almonds :: APPROVE :: Base ingredient.
aloe-vera :: APPROVE :: Base ingredient.
amla :: APPROVE :: Base ingredient.
amra :: FLAG :: Could be ambiguous in an Indian context.
anjeer-fig :: APPROVE :: Base ingredient.
apple :: APPROVE :: Base ingredient.
apricot :: APPROVE :: Base ingredient.
aronia-berry :: APPROVE :: Base ingredient.
ash-gourd :: APPROVE :: Base ingredient.
ashwagandha :: APPROVE :: Base ingredient.
bael :: APPROVE :: Base ingredient.
bala :: FLAG :: Ambiguous in a general food context; needs Indian-specific knowledge.
balm :: APPROVE :: Base ingredient.
banana :: APPROVE :: Base ingredient.
beans :: APPROVE :: Base ingredient.
berries :: APPROVE :: Base ingredient.
betelnut :: APPROVE :: Base ingredient.
bhringraj :: FLAG :: Ambiguous in a general food context; needs Indian-specific knowledge.
bibhitaki :: FLAG :: Ambiguous in a general food context; needs Indian-specific knowledge.
black-tea :: APPROVE :: Base ingredient.
blackcurrant :: APPROVE :: Base ingredient.
blueberry :: APPROVE :: Base ingredient.
bok-choy :: APPROVE :: Base ingredient.
brahma-thandu :: FLAG :: Ambiguous in a general food context; needs Indian-specific knowledge.
brahmi :: FLAG :: Ambiguous in a general food context; needs Indian-specific knowledge.
brihati :: FLAG :: Ambiguous in a general food context; needs Indian-specific knowledge.
cabbage :: APPROVE :: Base ingredient.
candied-fruits :: APPROVE :: Base ingredient.
cantaloupe :: APPROVE :: Base ingredient.
carrot :: APPROVE :: Base ingredient.
cashew :: APPROVE :: Base ingredient.
celery :: APPROVE :: Base ingredient.
chamomile :: APPROVE :: Base ingredient.
cherries :: APPROVE :: Base ingredient.
chia-seeds :: APPROVE :: Base ingredient.
chicory :: APPROVE :: Base ingredient.
chikoo :: APPROVE :: Base ingredient.
chlorella :: APPROVE :: Base ingredient.

--- BATCH END ---

--- BATCH START: INDEX 350 ---
citron :: APPROVE :: Can be bought as a standalone item.
citrus-pulp :: APPROVE :: Can be bought as a standalone item.
cocoa :: APPROVE :: Can be bought as a standalone item.
coconut :: APPROVE :: Can be bought as a standalone item.
coconut-water :: MERGE :: Physical state collapse into "coconut".
coffee :: APPROVE :: Can be bought as a standalone item.
cranberry :: APPROVE :: Can be bought as a standalone item.
cranberry-juice :: MERGE :: Physical state collapse into "cranberry".
cucumber-seeds :: MERGE :: Physical state collapse into "cucumber".
cucumis :: APPROVE :: Can be bought as a standalone item.
dates :: APPROVE :: Can be bought as a standalone item.
dioscorea :: APPROVE :: Can be bought as a standalone item.
dry-fruit :: REJECT :: Umbrella term.
flax-seed :: MERGE :: Physical state collapse into "flax".
fox-nut-makhana :: APPROVE :: Can be bought as a standalone item.
fruit :: REJECT :: Umbrella term.
fruit-juice :: REJECT :: Umbrella term.
gambhari :: APPROVE :: Can be bought as a standalone item.
giloy :: APPROVE :: Can be bought as a standalone item.
goji-berry :: APPROVE :: Can be bought as a standalone item.
gokshura :: APPROVE :: Can be bought as a standalone item.
gongura :: APPROVE :: Can be bought as a standalone item.
grape :: APPROVE :: Can be bought as a standalone item.
grape-seed :: MERGE :: Physical state collapse into "grape".
grapefruit :: APPROVE :: Can be bought as a standalone item.
green-apple :: APPROVE :: Can be bought as a standalone item.
green-tea :: APPROVE :: Can be bought as a standalone item.
guarana :: APPROVE :: Can be bought as a standalone item.
guava :: APPROVE :: Can be bought as a standalone item.
gudmar :: APPROVE :: Can be bought as a standalone item.
hadjod :: APPROVE :: Can be bought as a standalone item.
haritaki :: APPROVE :: Can be bought as a standalone item.
hazelnut :: APPROVE :: Can be bought as a standalone item.
hibiscus :: APPROVE :: Can be bought as a standalone item.
jackfruit :: APPROVE :: Can be bought as a standalone item.
jalapeno :: APPROVE :: Can be bought as a standalone item.
jam :: APPROVE :: Can be bought as a standalone item.
jamun :: APPROVE :: Can be bought as a standalone item.
jiwanti :: APPROVE :: Can be bought as a standalone item.
juice-concentrate :: REJECT :: Umbrella term.
kachri :: APPROVE :: Can be bought as a standalone item.
kakanasika :: APPROVE :: Can be bought as a standalone item.
kale :: APPROVE :: Can be bought as a standalone item.
kantakari :: APPROVE :: Can be bought as a standalone item.
karela :: APPROVE :: Can be bought as a standalone item.
karkatshringi :: APPROVE :: Can be bought as a standalone item.
kasni :: APPROVE :: Can be bought as a standalone item.
kiwi :: APPROVE :: Can be bought as a standalone item.
kutki :: APPROVE :: Can be bought as a standalone item.
leek :: APPROVE :: Can be bought as a standalone item.

--- BATCH END ---

--- BATCH START: INDEX 400 ---
lemon :: APPROVE :: Base canon ingredient.
lime :: APPROVE :: Base canon ingredient.
litchi :: APPROVE :: Base canon ingredient.
lotus-seeds :: APPROVE :: Base canon ingredient.
mango :: APPROVE :: Base canon ingredient.
mashaparni :: FLAG :: Ambiguous in an Indian context, needs clarification.
moringa :: APPROVE :: Base canon ingredient.
mudgaparni :: FLAG :: Ambiguous in an Indian context, needs clarification.
mulberry :: APPROVE :: Base canon ingredient.
mushroom :: APPROVE :: Base canon ingredient.
musli :: APPROVE :: Base canon ingredient.
musta :: FLAG :: Ambiguous in an Indian context, needs clarification.
nannari :: FLAG :: Ambiguous in an Indian context, needs clarification.
nata-de-coco :: APPROVE :: Base canon ingredient.
neem :: APPROVE :: Base canon ingredient.
nut :: APPROVE :: Base canon ingredient.
nuts-paste :: APPROVE :: Base canon ingredient.
okra :: APPROVE :: Base canon ingredient.
onion :: APPROVE :: Base canon ingredient.
orange :: APPROVE :: Base canon ingredient.
orange-juice :: MERGE :: Physical State Collapse - Juice form of orange.
papaya :: APPROVE :: Base canon ingredient.
passion-fruit :: APPROVE :: Base canon ingredient.
peach :: APPROVE :: Base canon ingredient.
peas :: APPROVE :: Base canon ingredient.
pecans :: APPROVE :: Base canon ingredient.
phyllanthus-niruri :: FLAG :: Ambiguous in an Indian context, needs clarification.
pineapple :: APPROVE :: Base canon ingredient.
pistachio :: APPROVE :: Base canon ingredient.
plum :: APPROVE :: Base canon ingredient.
pomegranate :: APPROVE :: Base canon ingredient.
pomelo :: APPROVE :: Base canon ingredient.
potato :: APPROVE :: Base canon ingredient.
prishniparni :: FLAG :: Ambiguous in an Indian context, needs clarification.
pueraria-tuberosa :: FLAG :: Ambiguous in an Indian context, needs clarification.
pumpkin :: APPROVE :: Base canon ingredient.
pumpkin-seeds :: MERGE :: Physical State Collapse - Seeds form of pumpkin.
punarnava :: FLAG :: Ambiguous in an Indian context, needs clarification.
pushkara :: FLAG :: Ambiguous in an Indian context, needs clarification.
radish :: APPROVE :: Base canon ingredient.
raisins :: APPROVE :: Base canon ingredient.
raspberries :: APPROVE :: Base canon ingredient.
red-currant :: APPROVE :: Base canon ingredient.
rose :: APPROVE :: Base canon ingredient.
seaweed :: APPROVE :: Base canon ingredient.
seeds :: REJECT :: Umbrella term/category.
sesbania :: FLAG :: Ambiguous in an Indian context, needs clarification.
shalaparni :: FLAG :: Ambiguous in an Indian context, needs clarification.
shankhapushpi :: FLAG :: Ambiguous in an Indian context, needs clarification.
shatavari :: APPROVE :: Base canon ingredient.

--- BATCH END ---

--- BATCH START: INDEX 450 ---
shati :: APPROVE :: Shati is a distinct ingredient.
shyonaka :: APPROVE :: Shyonaka is a distinct ingredient.
soy :: APPROVE :: Soy is a distinct ingredient.
spinach :: APPROVE :: Spinach is a distinct ingredient.
stinging-nettle :: APPROVE :: Stinging nettle is a distinct ingredient.
strawberry :: APPROVE :: Strawberry is a distinct ingredient.
sunflower-seeds :: MERGE :: Physical State Collapse - Sunflower seeds merge into sunflower.
supari :: APPROVE :: Supari is a distinct ingredient.
sweet-potato :: APPROVE :: Sweet potato is a distinct ingredient.
tamarind-imli :: APPROVE :: Tamarind (imli) is a distinct ingredient.
tangerine :: APPROVE :: Tangerine is a distinct ingredient.
tapioca :: APPROVE :: Tapioca is a distinct ingredient.
tea :: APPROVE :: Tea is a distinct ingredient.
tomato :: APPROVE :: Tomato is a distinct ingredient.
triphala-powder :: MERGE :: Physical State Collapse - Powder form merges into the primary ingredient.
truffle :: APPROVE :: Truffle is a distinct ingredient.
tulsi :: APPROVE :: Tulsi is a distinct ingredient.
turnip :: APPROVE :: Turnip is a distinct ingredient.
utpala :: APPROVE :: Utpala is a distinct ingredient.
vallarai :: APPROVE :: Vallarai is a distinct ingredient.
vamsha :: APPROVE :: Vamsha is a distinct ingredient.
vasa :: APPROVE :: Vasa is a distinct ingredient.
vegetable-juice :: MERGE :: Physical State Collapse - Juice form merges into the primary ingredient.
vijaysar :: APPROVE :: Vijaysar is a distinct ingredient.
walnut :: APPROVE :: Walnut is a distinct ingredient.
water-chestnut :: APPROVE :: Water chestnut is a distinct ingredient.
watermelon :: APPROVE :: Watermelon is a distinct ingredient.
watermelon-seeds :: MERGE :: Physical State Collapse - Seeds merge into the primary ingredient.
wheatgrass :: APPROVE :: Wheatgrass is a distinct ingredient.
algal-oil :: APPROVE :: Algal oil is a distinct ingredient.
butterfat :: APPROVE :: Butterfat is a distinct ingredient.
cholesterol :: APPROVE :: Cholesterol is a distinct ingredient.
cocoa-butter-equivalent :: APPROVE :: Cocoa butter equivalent is a distinct ingredient.
coconut-oil :: APPROVE :: Coconut oil is a distinct ingredient.
corn-oil :: APPROVE :: Corn oil is a distinct ingredient.
cottonseed-oil :: APPROVE :: Cottonseed oil is a distinct ingredient.
evening-primrose-oil :: APPROVE :: Evening primrose oil is a distinct ingredient.
fat :: APPROVE :: Fat is a distinct ingredient.
fatty-acids :: APPROVE :: Fatty acids are a distinct ingredient.
flax-seed-oil :: APPROVE :: Flax seed oil is a distinct ingredient.
fractionated-fat :: APPROVE :: Fractionated fat is a distinct ingredient.
ghee :: APPROVE :: Ghee is a distinct ingredient.
groundnut-oil :: APPROVE :: Groundnut oil is a distinct ingredient.
hydrogenated-palm-oil :: APPROVE :: Hydrogenated palm oil is a distinct ingredient.
hydrogenated-vegetable-fat :: APPROVE :: Hydrogenated vegetable fat is a distinct ingredient.
interesterified-vegetable-fat :: APPROVE :: Interesterified vegetable fat is a distinct ingredient.
kokum-fat :: APPROVE :: Kokum fat is a distinct ingredient.
mct :: APPROVE :: MCT (Medium Chain Triglycerides) is a distinct ingredient.
mango-kernel-fat :: APPROVE :: Mango kernel fat is a distinct ingredient.
margarine :: APPROVE :: Margarine is a distinct ingredient.

--- BATCH END ---

--- BATCH START: INDEX 500 ---
mustard-oil :: APPROVE :: Specific oil that can be bought in a bottle.
olive-oil :: APPROVE :: Specific oil that can be bought in a bottle.
omega-3 :: APPROVE :: Specific supplement/ingredient that can be bought in a bottle.
palm-kernel-oil :: APPROVE :: Specific oil that can be bought in a bottle.
palm-oil :: APPROVE :: Specific oil that can be bought in a bottle.
palm-stearin :: APPROVE :: Specific fat that can be bought in a container.
palmolein :: APPROVE :: Specific oil that can be bought in a bottle.
rapeseed-oil :: APPROVE :: Specific oil that can be bought in a bottle.
rice-bran-oil :: APPROVE :: Specific oil that can be bought in a bottle.
safflower-oil :: APPROVE :: Specific oil that can be bought in a bottle.
sal-fat :: APPROVE :: Specific fat that can be bought in a container.
shea-butter :: APPROVE :: Specific butter that can be bought in a container.
shortening :: APPROVE :: Specific fat that can be bought in a container.
soy-oil :: APPROVE :: Specific oil that can be bought in a bottle.
sunflower-oil :: APPROVE :: Specific oil that can be bought in a bottle.
vegetable-fat :: APPROVE :: Specific fat that can be bought in a container.
vegetable-oil :: APPROVE :: Specific oil that can be bought in a bottle.
barramundi :: APPROVE :: Specific fish that can be bought.
basa-fish :: APPROVE :: Specific fish that can be bought.
buffalo-meat :: APPROVE :: Specific meat that can be bought.
chicken :: APPROVE :: Specific meat that can be bought.
egg :: APPROVE :: Specific ingredient that can be bought.
fish :: APPROVE :: Specific ingredient that can be bought.
goat-meat :: APPROVE :: Specific meat that can be bought.
soy-protein :: APPROVE :: Specific protein source that can be bought.
tvp :: APPROVE :: Specific ingredient that can be bought.
turkey :: APPROVE :: Specific meat that can be bought.
ajwain-carom-seeds :: APPROVE :: Specific spice that can be bought.
allspice :: APPROVE :: Specific spice that can be bought.
aniseed :: APPROVE :: Specific spice that can be bought.
asafoetida :: APPROVE :: Specific spice that can be bought.
athimathuram :: APPROVE :: Specific spice that can be bought.
basil :: APPROVE :: Specific herb that can be bought.
bay-leaf :: APPROVE :: Specific herb that can be bought.
bhut-jolokia :: APPROVE :: Specific chilli that can be bought.
black-cardamom :: APPROVE :: Specific spice that can be bought.
black-cumin :: APPROVE :: Specific spice that can be bought.
black-pepper :: APPROVE :: Specific spice that can be bought.
black-salt :: APPROVE :: Specific salt that can be bought.
chakala :: FLAG :: Could not find enough information to classify. Requires Indian context.
chhareela :: FLAG :: Could not find enough information to classify. Requires Indian context.
chilli :: APPROVE :: Specific spice that can be bought.
chilli-extract :: APPROVE :: Specific extract that can be bought.
chives :: APPROVE :: Specific herb that can be bought.
cinnamon :: APPROVE :: Specific spice that can be bought.
citharathai :: FLAG :: Could not find enough information to classify. Requires Indian context.
clove :: APPROVE :: Specific spice that can be bought.
coriander :: APPROVE :: Specific herb that can be bought.
cumin-jeera :: APPROVE :: Specific spice that can be bought.
cumin-extract :: APPROVE :: Specific extract that can be bought.

--- BATCH END ---

--- BATCH START: INDEX 550 ---
curry-leaves :: APPROVE :: This is a specific ingredient.
curry-mix :: APPROVE :: This is a specific ingredient.
fennel :: APPROVE :: This is a specific ingredient.
fenugreek :: APPROVE :: This is a specific ingredient.
garlic :: APPROVE :: This is a specific ingredient.
ginger :: APPROVE :: This is a specific ingredient.
green-cardamom-elaichi :: APPROVE :: This is a specific ingredient.
herbs :: APPROVE :: This is a specific ingredient.
hops :: APPROVE :: This is a specific ingredient.
kalonji-nigella-seeds :: APPROVE :: This is a specific ingredient.
khus :: APPROVE :: This is a specific ingredient.
lemongrass :: APPROVE :: This is a specific ingredient.
liquorice :: APPROVE :: This is a specific ingredient.
long-pepper :: APPROVE :: This is a specific ingredient.
mace-javitri :: APPROVE :: This is a specific ingredient.
mint :: APPROVE :: This is a specific ingredient.
mint-flavouring :: MERGE :: Merge into "mint" per Physical State Collapse rule.
mirin :: APPROVE :: This is a specific ingredient.
mustard :: APPROVE :: This is a specific ingredient.
niger-seed :: APPROVE :: This is a specific ingredient.
nutmeg-jaiphal :: APPROVE :: This is a specific ingredient.
oleoresin :: APPROVE :: This is a specific ingredient.
oregano :: APPROVE :: This is a specific ingredient.
paprika :: APPROVE :: This is a specific ingredient.
parsley :: APPROVE :: This is a specific ingredient.
peepramul :: APPROVE :: This is a specific ingredient.
pepper :: APPROVE :: This is a specific ingredient.
pippali :: APPROVE :: This is a specific ingredient.
poppy-seed :: APPROVE :: This is a specific ingredient.
rosemary :: APPROVE :: This is a specific ingredient.
sadhakuppai :: APPROVE :: This is a specific ingredient.
saffron :: APPROVE :: This is a specific ingredient.
salt :: APPROVE :: This is a specific ingredient.
seasoning :: APPROVE :: This is a specific ingredient.
sesame :: APPROVE :: This is a specific ingredient.
soup-powder :: APPROVE :: This is a specific ingredient.
soy-sauce-powder :: APPROVE :: This is a specific ingredient.
spice-extract :: APPROVE :: This is a specific ingredient.
star-anise :: APPROVE :: This is a specific ingredient.
stone-flower :: APPROVE :: This is a specific ingredient.
thyme :: APPROVE :: This is a specific ingredient.
turmeric :: APPROVE :: This is a specific ingredient.
vanilla :: APPROVE :: This is a specific ingredient.
veg-lichen :: APPROVE :: This is a specific ingredient.
vinegar :: APPROVE :: This is a specific ingredient.
white-pepper :: APPROVE :: This is a specific ingredient.
barley :: APPROVE :: This is a specific ingredient.
basmati-rice :: APPROVE :: This is a specific ingredient.
bengal-gram-chana-dal :: APPROVE :: This is a specific ingredient.
black-rice :: APPROVE :: This is a specific ingredient.

--- BATCH END ---

--- BATCH START: INDEX 600 ---
brown-rice :: APPROVE :: Specific grain, refinement level matters.
buckwheat :: APPROVE :: Specific grain.
chickpea :: APPROVE :: Specific legume.
chirva :: APPROVE :: Specific preparation of rice (flattened rice).
flour :: REJECT :: Umbrella term, can be bought in a box but too generic.
fortified-wheat-flour :: APPROVE :: Specific type of flour with added nutrients.
gluten :: APPROVE :: Specific protein from wheat.
glutinous-rice-flour :: APPROVE :: Specific type of flour.
green-gram-moong-dal :: APPROVE :: Specific type of lentil.
horsegram :: APPROVE :: Specific type of legume.
idli-rava :: APPROVE :: Specific preparation of rice (coarse).
khorasan :: APPROVE :: Specific grain.
legumes :: REJECT :: Umbrella term.
lentils :: REJECT :: Umbrella term.
lupin :: APPROVE :: Specific legume.
macaroni :: APPROVE :: Specific pasta type.
maida-refined-wheat-flour :: APPROVE :: Specific type of flour, refinement level matters.
millet :: APPROVE :: Specific grain.
moth-bean :: APPROVE :: Specific type of legume.
multigrain :: REJECT :: Umbrella term.
oat :: APPROVE :: Specific grain.
pea-protein :: APPROVE :: Specific protein source.
pigeon-pea-toor-dal :: APPROVE :: Specific type of lentil.
precooked-pasta :: APPROVE :: Specific pasta preparation.
pulses :: REJECT :: Umbrella term.
quinoa :: APPROVE :: Specific grain.
rice :: APPROVE :: Specific grain.
rye :: APPROVE :: Specific grain.
sago :: APPROVE :: Specific starch.
semolina :: APPROVE :: Specific type of flour.
sorghum :: APPROVE :: Specific grain.
spelt :: APPROVE :: Specific grain.
supergrain :: REJECT :: Umbrella term.
toasted-flakes :: APPROVE :: Specific preparation of grains.
urad-dal-black-gram :: APPROVE :: Specific type of lentil.
vegetable-protein :: REJECT :: Umbrella term.
vermicelli :: APPROVE :: Specific pasta type.
wafer :: APPROVE :: Specific baked product.
wheat :: APPROVE :: Specific grain.
wheat-flour :: APPROVE :: Specific type of flour.
whole-grains :: REJECT :: Umbrella term.
whole-wheat-flour-atta :: APPROVE :: Specific type of flour, refinement level matters.
aspartame :: APPROVE :: Specific sweetener.
butterscotch :: APPROVE :: Specific candy/flavoring.
dextrose :: APPROVE :: Specific sugar.
erythritol :: APPROVE :: Specific sweetener.
fructose :: APPROVE :: Specific sugar.
glucose-syrup :: APPROVE :: Specific sweetener.
honey :: APPROVE :: Specific sweetener.
invert-sugar :: APPROVE :: Specific sugar.

--- BATCH END ---

--- BATCH START: INDEX 650 ---
isomalt :: APPROVE :: Isomalt is a specific sugar alcohol that can be purchased as a standalone product.
maltitol :: APPROVE :: Maltitol is a specific sugar alcohol that can be purchased as a standalone product.
molasses :: APPROVE :: Molasses is a specific product derived from sugar refining.
monk-fruit :: APPROVE :: Monk fruit is a specific sweetener that can be purchased as a standalone product.
palm-sugar :: APPROVE :: Palm sugar is a specific type of sugar that can be purchased as a standalone product.
stevia :: APPROVE :: Stevia is a specific sweetener that can be purchased as a standalone product.
sucralose-ins-955 :: APPROVE :: Sucralose is a specific sweetener that can be purchased as a standalone product.
sugar :: APPROVE :: Sugar is a specific sweetener that can be purchased as a standalone product.
sweetener :: REJECT :: "Sweetener" is an umbrella term/category.
thaumatin-ins-957 :: APPROVE :: Thaumatin is a specific sweetener that can be purchased as a standalone product.
xylitol :: APPROVE :: Xylitol is a specific sugar alcohol that can be purchased as a standalone product.

--- BATCH END ---
