
--- BATCH 0 ---
SLUG :: STATUS :: REASON_FOR_STATUS
gajar-flavouring :: MERGE :: 'Gajar' is the Hindi term for 'carrot'. This slug is a direct synonym for 'carrot-flavouring', which is already in the reference canon list.
gaozaban-flavouring :: APPROVE :: 'Gaozaban' is a specific Indian herb (Borage/Onosma bracteatum) with distinct culinary uses. 'Gaozaban-flavouring' represents a unique flavoring agent derived from this herb and is already present in the reference canon list.
hmcs :: FLAG :: HMCS stands for High-Maltose Corn Syrup, a specific type of sweetener and preservative derived from corn starch. While it is a distinct ingredient and not an umbrella term, it is not currently in the reference canon list.
kewra-flavouring :: APPROVE :: 'Kewra' is a distinct fragrant extract widely used in Indian cuisine. 'Kewra-flavouring' represents a unique flavoring agent derived from this extract and is already present in the reference canon list.
khar :: APPROVE :: 'Khar' is a traditional alkaline ingredient, often derived from banana peels or other plant ashes, specifically used in Assamese cuisine. It is sold as a standalone item and represents a distinct culinary personality in India.
l-hpc :: FLAG :: L-HPC stands for Low-substituted Hydroxypropyl Cellulose, a specific cellulose derivative used as a food additive (e.g., disintegrant, binder, thickener). It is a distinct chemical entity and not an umbrella term, but it is not currently in the reference canon list.
l-n-neotetraose :: APPROVE :: L-N-neotetraose (LNnT) is a specific human milk oligosaccharide (HMO) used as a functional ingredient, particularly in infant formula. It is a distinct chemical personality and not an umbrella term.
methocel :: FLAG :: Methocel is a brand name for methylcellulose and hydroxypropyl methylcellulose (HPMC) products, which are specific cellulose ethers used as thickeners, binders, and emulsifiers. While these are distinct chemical personalities (Methylcellulose INS 461, HPMC INS 464), the canon list does not contain generic entries for 'methylcellulose' or 'hydroxypropyl-methylcellulose', only 'cellulose-gum-ins-466' and 'microcrystalline-cellulose-ins-460'. Therefore, 'methocel' as a brand name for these specific, approved additives should be flagged for consideration of adding the generic chemical names.
navsadar :: APPROVE :: 'Navsadar' is the Indian vernacular term for Ammonium Chloride (INS 510), which is an approved food additive (acidity regulator, flour treatment agent) in India. It is a distinct chemical ingredient and can be purchased as a standalone item.
satva :: REJECT :: In the context of food ingredients in India, "Satva" most commonly refers to starch extracted from roots or tubers,an umbrella term.

--- BATCH 10 ---
aavarampoo :: APPROVE :: It is a distinct botanical ingredient (Senna auriculata), often sold as dried flowers or powder for herbal infusions and traditional uses, and can be purchased as a standalone item in an Indian retail context. It is already present in the reference canon list.
agnimantha :: APPROVE :: It is a distinct botanical ingredient (Clerodendrum phlomidis), a key Ayurvedic herb, sold as dried roots/bark or powder. It can be purchased as a standalone item in an Indian retail context. It is already present in the reference canon list.
amra :: APPROVE :: It is a distinct fruit (Indian Hog Plum or Spondias pinnata), used in various Indian culinary preparations like pickles and chutneys. The fruit itself is sold standalone. It is already present in the reference canon list.
bala :: APPROVE :: It is a distinct botanical ingredient (Sida cordifolia), an important Ayurvedic herb sold as powder or dried herb. It can be purchased as a standalone item in an Indian retail context. It is already present in the reference canon list.
bhringraj :: APPROVE :: It is a distinct botanical ingredient (Eclipta prostrata), a well-known Ayurvedic herb sold as powder or dried leaves. It can be purchased as a standalone item in an Indian retail context. It is already present in the reference canon list.
bibhitaki :: APPROVE :: It is a distinct botanical ingredient (Terminalia bellirica), one of the three fruits in Triphala, sold as dried fruit or powder. It can be purchased as a standalone item in an Indian retail context. It is already present in the reference canon list.
brahma-thandu :: APPROVE :: It is a distinct botanical ingredient (Argemone mexicana), a specific plant used in traditional medicine. It can be purchased as a standalone item (e.g., dried herb or seeds) in an Indian retail context. It is already present in the reference canon list.
brahmi :: APPROVE :: It is a distinct botanical ingredient (Bacopa monnieri), a highly regarded Ayurvedic herb widely sold as fresh leaves, dried leaves, or powder. It can be purchased as a standalone item in an Indian retail context. It is already present in the reference canon list.
brihati :: APPROVE :: It is a distinct botanical ingredient (Solanum indicum), an Ayurvedic herb whose fruits are also used as a vegetable in some regional cuisines. It can be purchased as a standalone item (dried roots/fruits or powder) in an Indian retail context. It is already present in the reference canon list.
mashaparni :: APPROVE :: It is a distinct botanical ingredient (Teramnus labialis), an Ayurvedic herb primarily used in traditional medicine, sold as dried herb or powder. It can be purchased as a standalone item in an Indian retail context. It is already present in the reference canon list.

--- BATCH 20 ---
Here's the audit of the provided food ingredient slugs:

**mudgaparni** :: APPROVE :: Mudgaparni (Vigna trilobata or Phaseolus trilobus), also known as "wild green gram," is a distinct Ayurvedic herb with culinary uses in India, such as in soups. It is sold as a standalone powder or as part of Ayurvedic formulations.

**musta** :: APPROVE :: Musta (Cyperus rotundus), or Nagarmotha, is a distinct Ayurvedic herb primarily used for its medicinal properties, particularly for digestive issues. It is sold as a standalone Ayurvedic ingredient, typically in powder form.

**nannari** :: APPROVE :: Nannari (Indian Sarsaparilla, Hemidesmus indicus) is a distinct herb widely used in South Indian cuisine for its cooling properties. Its roots are processed into syrup, which is a popular standalone product used to make refreshing beverages like Nannari Sherbet.

**phyllanthus-niruri** :: APPROVE :: Phyllanthus niruri (Keelanelli or Bhumyamalaki) is a distinct medicinal herb recognized by FSSAI as an ingredient in nutraceuticals. It is sold as a standalone herb, extract, or powder for its traditional health benefits.

**prishniparni** :: APPROVE :: Prishniparni (Uraria picta) is a distinct and revered Ayurvedic herb, part of the Dashamoola group, known for its therapeutic properties in respiratory, immune, and digestive health. It is sold as a standalone Ayurvedic ingredient, typically as dried roots or powder.

**pueraria-tuberosa** :: APPROVE :: Pueraria tuberosa, commonly known as Indian Kudzu or Vidarikand, is a distinct plant with large tuberous roots used in traditional Indian medicine and cuisine as a cooling agent. Its roots and powder are sold as standalone ingredients and are recognized by FSSAI.

**punarnava** :: APPROVE :: Punarnava (Boerhavia diffusa) is a distinct plant whose leaves, roots, and flowers are used for both culinary purposes (as a leafy green vegetable in dishes like dal curry) and extensive medicinal applications in Ayurveda. It is sold as fresh leaves, powder, or supplements.

**pushkara** :: APPROVE :: Pushkara (Inula racemosa) is a distinct and important Ayurvedic herb, primarily valued for its benefits in respiratory and cardiac conditions. It is sold as a standalone Ayurvedic ingredient, typically as root powder.

**sesbania** :: APPROVE :: Sesbania (specifically Sesbania grandiflora, or Vegetable Hummingbird tree) is a distinct plant whose edible leaves, flowers, and young pods are widely consumed as vegetables in Indian cuisine, often added to curries, soups, and salads. Its fresh leaves and flowers are sold in markets.

**shalaparni** :: APPROVE :: Shalaparni (Desmodium gangeticum) is a distinct and significant Ayurvedic herb, also part of the Dashamoola group, known for its anti-inflammatory and neuroprotective properties. It is sold as a standalone Ayurvedic ingredient, typically as roots or powder.

--- BATCH 30 ---
Here's the audit of the provided food ingredient slugs:

**shankhapushpi :: APPROVE ::** Shankhpushpi (Convolvulus pluricaulis) is a distinct and widely recognized Ayurvedic herb in India, known for its cognitive and calming properties. It is commonly sold as a standalone ingredient in various forms such as powder, syrup, and capsules in Indian retail contexts, aligning with the 'Box/Bottle Rule' and representing a unique 'Personality' in the PMEST classification.

**chakala :: REJECT ::** Research indicates that "chakala" is primarily associated with "Chakalaka," a South African vegetable relish or condiment, and not a standalone Indian food ingredient. While a geographical location named Chakala exists in India, there is no evidence of "chakala" being a distinct, purchasable ingredient in an Indian culinary context. Therefore, it does not represent a unique 'Personality' as an Indian ingredient and fails the 'Box/Bottle Rule' for an Indian food system.

**chhareela :: APPROVE ::** Chhareela, also known as 'stone flower' (Parmelia Perlata, Pathar Phool, or Dagad Phool), is a specific lichen used as a spice in Indian cuisine. It imparts a smoky, earthy, and umami flavor and is a key ingredient in various regional Indian spice blends. It is available as a standalone spice in Indian markets, fulfilling the 'Box/Bottle Rule' and qualifying as a distinct 'Personality'.

**citharathai :: APPROVE ::** Citharathai, also known as Lesser Galangal, is a specific herb used in Indian culinary and traditional medicine. It is available as "Chitharathai Powder" and is used for its flavor and medicinal benefits, such as a cough remedy and immunity booster. It is sold as a standalone product, satisfying the 'Box/Bottle Rule' and representing a distinct 'Personality'.
